<?xml version="1.0" encoding="UTF-8"?>
<!-- Generated by org.testng.reporters.JUnitXMLReporter -->
<testsuite ignored="0" hostname="DESKTOP-3UFKCOS" failures="0" tests="7" name="Testing" time="29.4" errors="0" timestamp="2021-03-06T14:55:56 CST">
  <testcase classname="tests.TestsLogin" name="testLogin" time="0.674"/>
  <testcase classname="tests.TestsLogin" name="testIncorrectPassword" time="0.494"/>
  <testcase classname="tests.TestsLogin" name="testIncorrectUsername" time="0.506"/>
  <testcase classname="tests.TestsLogin" name="testIncorrectCredentials" time="0.484"/>
  <testcase classname="tests.TestsInventario" name="createInventarioByCod" time="1.728"/>
  <testcase classname="tests.TestsInventario" name="updateInventarioByCod" time="2.157"/>
  <testcase classname="tests.TestsInventario" name="deleteInventarioByCodigo" time="1.779"/>
</testsuite> <!-- Testing -->
