<?xml version="1.0" encoding="UTF-8"?>
<!-- Generated by org.testng.reporters.JUnitXMLReporter -->
<testsuite ignored="0" hostname="DESKTOP-3UFKCOS" failures="0" tests="4" name="Default test" time="14.203" errors="0" timestamp="2021-02-27T15:56:00 CST">
  <testcase classname="tests.TestsLogin" name="testLogin" time="0.571"/>
  <testcase classname="tests.TestsLogin" name="testIncorrectPassword" time="0.511"/>
  <testcase classname="tests.TestsLogin" name="testIncorrectUsername" time="0.49"/>
  <testcase classname="tests.TestsLogin" name="testIncorrectCredentials" time="0.521"/>
</testsuite> <!-- Default test -->
