<?xml version="1.0" encoding="UTF-8"?>
<testng-results ignored="0" total="1" passed="1" failed="0" skipped="0">
  <reporter-output>
  </reporter-output>
  <suite started-at="2021-02-21T03:23:07 CST" name="Default suite" finished-at="2021-02-21T03:23:12 CST" duration-ms="4832">
    <groups>
    </groups>
    <test started-at="2021-02-21T03:23:07 CST" name="Default test" finished-at="2021-02-21T03:23:12 CST" duration-ms="4832">
      <class name="tests.TestsInventario">
        <test-method is-config="true" signature="setUpDriver()[pri:0, instance:tests.TestsInventario@49dc7102]" started-at="2021-02-21T03:23:07 CST" name="setUpDriver" finished-at="2021-02-21T03:23:09 CST" duration-ms="2521" status="PASS">
          <reporter-output>
          </reporter-output>
        </test-method> <!-- setUpDriver -->
        <test-method signature="updateInventarioByCod()[pri:0, instance:tests.TestsInventario@49dc7102]" started-at="2021-02-21T03:23:09 CST" name="updateInventarioByCod" finished-at="2021-02-21T03:23:12 CST" duration-ms="2291" status="PASS">
          <reporter-output>
          </reporter-output>
        </test-method> <!-- updateInventarioByCod -->
      </class> <!-- tests.TestsInventario -->
    </test> <!-- Default test -->
  </suite> <!-- Default suite -->
</testng-results>
