<?xml version="1.0" encoding="UTF-8"?>
<testng-results ignored="0" total="4" passed="4" failed="0" skipped="0">
  <reporter-output>
  </reporter-output>
  <suite started-at="2021-02-27T15:55:46 CST" name="Default suite" finished-at="2021-02-27T15:56:00 CST" duration-ms="14203">
    <groups>
    </groups>
    <test started-at="2021-02-27T15:55:46 CST" name="Default test" finished-at="2021-02-27T15:56:00 CST" duration-ms="14203">
      <class name="tests.TestsLogin">
        <test-method is-config="true" signature="setUpDriver()[pri:0, instance:tests.TestsLogin@59af0466]" started-at="2021-02-27T15:55:46 CST" name="setUpDriver" finished-at="2021-02-27T15:55:48 CST" duration-ms="2535" status="PASS">
          <reporter-output>
          </reporter-output>
        </test-method> <!-- setUpDriver -->
        <test-method signature="testLogin()[pri:0, instance:tests.TestsLogin@59af0466]" started-at="2021-02-27T15:55:48 CST" name="testLogin" finished-at="2021-02-27T15:55:49 CST" duration-ms="571" status="PASS">
          <reporter-output>
          </reporter-output>
        </test-method> <!-- testLogin -->
        <test-method is-config="true" signature="finishTests()[pri:0, instance:tests.TestsLogin@59af0466]" started-at="2021-02-27T15:55:49 CST" name="finishTests" finished-at="2021-02-27T15:55:49 CST" duration-ms="436" status="PASS">
          <reporter-output>
          </reporter-output>
        </test-method> <!-- finishTests -->
        <test-method is-config="true" signature="setUpDriver()[pri:0, instance:tests.TestsLogin@59af0466]" started-at="2021-02-27T15:55:49 CST" name="setUpDriver" finished-at="2021-02-27T15:55:52 CST" duration-ms="2195" status="PASS">
          <reporter-output>
          </reporter-output>
        </test-method> <!-- setUpDriver -->
        <test-method signature="testIncorrectPassword()[pri:1, instance:tests.TestsLogin@59af0466]" started-at="2021-02-27T15:55:52 CST" name="testIncorrectPassword" finished-at="2021-02-27T15:55:52 CST" duration-ms="511" status="PASS">
          <reporter-output>
          </reporter-output>
        </test-method> <!-- testIncorrectPassword -->
        <test-method is-config="true" signature="finishTests()[pri:0, instance:tests.TestsLogin@59af0466]" started-at="2021-02-27T15:55:52 CST" name="finishTests" finished-at="2021-02-27T15:55:53 CST" duration-ms="510" status="PASS">
          <reporter-output>
          </reporter-output>
        </test-method> <!-- finishTests -->
        <test-method is-config="true" signature="setUpDriver()[pri:0, instance:tests.TestsLogin@59af0466]" started-at="2021-02-27T15:55:53 CST" name="setUpDriver" finished-at="2021-02-27T15:55:55 CST" duration-ms="2686" status="PASS">
          <reporter-output>
          </reporter-output>
        </test-method> <!-- setUpDriver -->
        <test-method signature="testIncorrectUsername()[pri:2, instance:tests.TestsLogin@59af0466]" started-at="2021-02-27T15:55:55 CST" name="testIncorrectUsername" finished-at="2021-02-27T15:55:56 CST" duration-ms="490" status="PASS">
          <reporter-output>
          </reporter-output>
        </test-method> <!-- testIncorrectUsername -->
        <test-method is-config="true" signature="finishTests()[pri:0, instance:tests.TestsLogin@59af0466]" started-at="2021-02-27T15:55:56 CST" name="finishTests" finished-at="2021-02-27T15:55:56 CST" duration-ms="500" status="PASS">
          <reporter-output>
          </reporter-output>
        </test-method> <!-- finishTests -->
        <test-method is-config="true" signature="setUpDriver()[pri:0, instance:tests.TestsLogin@59af0466]" started-at="2021-02-27T15:55:56 CST" name="setUpDriver" finished-at="2021-02-27T15:55:59 CST" duration-ms="2712" status="PASS">
          <reporter-output>
          </reporter-output>
        </test-method> <!-- setUpDriver -->
        <test-method signature="testIncorrectCredentials()[pri:3, instance:tests.TestsLogin@59af0466]" started-at="2021-02-27T15:55:59 CST" name="testIncorrectCredentials" finished-at="2021-02-27T15:56:00 CST" duration-ms="521" status="PASS">
          <reporter-output>
          </reporter-output>
        </test-method> <!-- testIncorrectCredentials -->
        <test-method is-config="true" signature="finishTests()[pri:0, instance:tests.TestsLogin@59af0466]" started-at="2021-02-27T15:56:00 CST" name="finishTests" finished-at="2021-02-27T15:56:00 CST" duration-ms="514" status="PASS">
          <reporter-output>
          </reporter-output>
        </test-method> <!-- finishTests -->
      </class> <!-- tests.TestsLogin -->
    </test> <!-- Default test -->
  </suite> <!-- Default suite -->
</testng-results>
